INFO:root:Heuristic alert: Suspicious pattern found
INFO:root:Heuristic alert: Suspicious pattern found
INFO:root:Heuristic alert: Suspicious pattern found
INFO:root:Heuristic alert: Suspicious pattern found
INFO:root:Heuristic alert: Suspicious pattern found
INFO:root:Heuristic alert: Suspicious pattern found
INFO:root:Heuristic alert: Suspicious pattern found
INFO:root:Heuristic alert: Suspicious pattern found
INFO:root:Heuristic alert: Suspicious pattern found
INFO:root:Heuristic alert: Suspicious pattern found
INFO:root:Heuristic alert: Suspicious pattern found
INFO:root:Heuristic alert: Suspicious pattern found
INFO:root:Heuristic alert: Suspicious pattern found
INFO:root:Heuristic alert: Suspicious pattern found
INFO:root:Heuristic alert: Suspicious pattern found
INFO:root:Heuristic alert: Suspicious pattern found
INFO:root:Heuristic alert: Suspicious pattern found
INFO:root:Heuristic alert: Suspicious pattern found
INFO:root:Heuristic alert: Suspicious pattern found
INFO:root:Heuristic alert: Suspicious pattern found
INFO:root:Heuristic alert: Suspicious pattern found
INFO:root:Heuristic alert: Suspicious pattern found
INFO:root:Heuristic alert: Suspicious pattern found
INFO:root:Heuristic alert: Suspicious pattern found
INFO:root:Heuristic alert: Suspicious pattern found
INFO:root:Heuristic alert: Suspicious pattern found
INFO:root:Heuristic alert: Suspicious pattern found
INFO:root:Heuristic alert: Suspicious pattern found
INFO:root:Heuristic alert: Suspicious pattern found
INFO:root:Heuristic alert: Suspicious pattern found
INFO:root:Heuristic alert: Suspicious pattern found
INFO:root:Heuristic alert: Suspicious pattern found
INFO:root:Heuristic alert: Suspicious pattern found
INFO:root:Heuristic alert: Suspicious pattern found
INFO:root:Heuristic alert: Suspicious pattern found
INFO:root:Heuristic alert: Suspicious pattern found
INFO:root:Heuristic alert: Suspicious pattern found
INFO:root:Heuristic alert: Suspicious pattern found
INFO:root:Heuristic alert: Suspicious pattern found
INFO:root:Heuristic alert: Suspicious pattern found
INFO:root:Heuristic alert: Suspicious pattern found
INFO:root:Heuristic alert: Suspicious pattern found
INFO:root:Heuristic alert: Suspicious pattern found
INFO:root:Heuristic alert: Suspicious pattern found
INFO:root:Heuristic alert: Suspicious pattern found
INFO:root:Heuristic alert: Suspicious pattern found
INFO:root:Heuristic alert: Suspicious pattern found
INFO:root:Heuristic alert: Suspicious pattern found
INFO:root:Heuristic alert: Suspicious pattern found
INFO:root:Heuristic alert: Suspicious pattern found
INFO:root:Heuristic alert: Suspicious pattern found
INFO:root:Heuristic alert: Suspicious pattern found
INFO:root:Heuristic alert: Suspicious pattern found
INFO:root:Heuristic alert: Suspicious pattern found
INFO:root:Heuristic alert: Suspicious pattern found
INFO:root:Heuristic alert: Suspicious pattern found
INFO:root:Heuristic alert: Suspicious pattern found
INFO:root:Heuristic alert: Suspicious pattern found
INFO:root:Heuristic alert: Suspicious pattern found
INFO:root:Heuristic alert: Suspicious pattern found
INFO:root:Heuristic alert: Suspicious pattern found
INFO:root:Heuristic alert: Suspicious pattern found
INFO:root:Heuristic alert: Suspicious pattern found
INFO:root:Heuristic alert: Suspicious pattern found
INFO:root:Heuristic alert: Suspicious pattern found
INFO:root:Heuristic alert: Suspicious pattern found
INFO:root:Heuristic alert: Suspicious pattern found
INFO:root:Heuristic alert: Suspicious pattern found
INFO:root:Heuristic alert: Suspicious pattern found
INFO:root:Heuristic alert: Suspicious pattern found
INFO:root:Heuristic alert: Suspicious pattern found
INFO:root:Heuristic alert: Suspicious pattern found
INFO:root:Heuristic alert: Suspicious pattern found
INFO:root:Heuristic alert: Suspicious pattern found
INFO:root:Heuristic alert: Suspicious pattern found
INFO:root:Heuristic alert: Suspicious pattern found
INFO:root:Heuristic alert: Suspicious pattern found
INFO:root:Heuristic alert: Suspicious pattern found
INFO:root:Heuristic alert: Suspicious pattern found
INFO:root:Heuristic alert: Suspicious pattern found
INFO:root:Heuristic alert: Suspicious pattern found
INFO:root:Heuristic alert: Suspicious pattern found
INFO:root:Heuristic alert: Suspicious pattern found
INFO:root:Heuristic alert: Suspicious pattern found
INFO:root:Heuristic alert: Suspicious pattern found
INFO:root:Heuristic alert: Suspicious pattern found
INFO:root:Heuristic alert: Suspicious pattern found
INFO:root:Heuristic alert: Suspicious pattern found
INFO:root:Heuristic alert: Suspicious pattern found
INFO:root:Heuristic alert: Suspicious pattern found
INFO:root:Heuristic alert: Suspicious pattern found
INFO:root:Heuristic alert: Suspicious pattern found
INFO:root:Heuristic alert: Suspicious pattern found
INFO:root:Heuristic alert: Suspicious pattern found
INFO:root:Heuristic alert: Suspicious pattern found
INFO:root:Heuristic alert: Suspicious pattern found
INFO:root:Heuristic alert: Suspicious pattern found
INFO:root:Heuristic alert: Suspicious pattern found
INFO:root:Heuristic alert: Suspicious pattern found
INFO:root:Heuristic alert: Suspicious pattern found
INFO:root:Model training completed with accuracy: 1.0
ERROR:root:Not enough interfaces
ERROR:root:Not enough interfaces
ERROR:root:Not enough interfaces
ERROR:root:Not enough interfaces
INFO:pika.adapters.utils.connection_workflow:Pika version 1.3.2 connecting to ('::1', 5672, 0, 0)
INFO:pika.adapters.utils.io_services_utils:Socket connected: <socket.socket fd=4384, family=23, type=1, proto=6, laddr=('::1', 53299, 0, 0), raddr=('::1', 5672, 0, 0)>
INFO:pika.adapters.utils.connection_workflow:Streaming transport linked up: (<pika.adapters.utils.io_services_utils._AsyncPlaintextTransport object at 0x000002290059A990>, _StreamingProtocolShim: <SelectConnection PROTOCOL transport=<pika.adapters.utils.io_services_utils._AsyncPlaintextTransport object at 0x000002290059A990> params=<ConnectionParameters host=localhost port=5672 virtual_host=/ ssl=False>>).
INFO:pika.adapters.utils.connection_workflow:AMQPConnector - reporting success: <SelectConnection OPEN transport=<pika.adapters.utils.io_services_utils._AsyncPlaintextTransport object at 0x000002290059A990> params=<ConnectionParameters host=localhost port=5672 virtual_host=/ ssl=False>>
INFO:pika.adapters.utils.connection_workflow:AMQPConnectionWorkflow - reporting success: <SelectConnection OPEN transport=<pika.adapters.utils.io_services_utils._AsyncPlaintextTransport object at 0x000002290059A990> params=<ConnectionParameters host=localhost port=5672 virtual_host=/ ssl=False>>
INFO:pika.adapters.blocking_connection:Connection workflow succeeded: <SelectConnection OPEN transport=<pika.adapters.utils.io_services_utils._AsyncPlaintextTransport object at 0x000002290059A990> params=<ConnectionParameters host=localhost port=5672 virtual_host=/ ssl=False>>
INFO:pika.adapters.blocking_connection:Created channel=1
